<?xml version="1.0" encoding="UTF-8"?>
<!-- Generated by org.testng.reporters.JUnitXMLReporter -->
<testsuite hostname="LENOVO" ignored="0" name="Test" tests="5" failures="1" timestamp="2022-04-04T16:50:24 IST" time="0.199" errors="0">
  <testcase name="password" time="0.025" classname="com.Automatingtest.Retryanalyzer"/>
  <testcase name="username" time="0.004" classname="com.Automatingtest.Retryanalyzer">
    <skipped/>
  </testcase> <!-- username -->
  <testcase name="username" time="0.011" classname="com.Automatingtest.Retryanalyzer">
    <skipped/>
  </testcase> <!-- username -->
  <testcase name="username" time="0.007" classname="com.Automatingtest.Retryanalyzer">
    <skipped/>
  </testcase> <!-- username -->
  <testcase name="username" time="0.004" classname="com.Automatingtest.Retryanalyzer">
    <failure type="java.lang.AssertionError" message="expected [starc] but found [starc123]">
      <![CDATA[java.lang.AssertionError: expected [starc] but found [starc123]
at com.Automatingtest.Retryanalyzer.username(Retryanalyzer.java:12)
at java.util.ArrayList.forEach(ArrayList.java:1257)
... Removed 33 stack frames]]>
    </failure>
  </testcase> <!-- username -->
</testsuite> <!-- Test -->
